TN:
SF:/Users/tcnb1/Desktop/gateway-gauntlet/service/src/dbSetup.ts
FN:9,(anonymous_6)
FN:9,(anonymous_7)
FN:23,(anonymous_8)
FNF:3
FNH:2
FNDA:3,(anonymous_6)
FNDA:3,(anonymous_7)
FNDA:0,(anonymous_8)
DA:1,1
DA:2,1
DA:9,3
DA:10,3
DA:11,3
DA:13,3
DA:16,3
DA:23,3
DA:24,0
DA:25,0
DA:27,3
DA:30,1
LF:12
LH:10
BRDA:17,0,0,0
BRDA:17,0,1,3
BRF:2
BRH:1
end_of_record
TN:
SF:/Users/tcnb1/Desktop/gateway-gauntlet/service/src/index.ts
FN:6,Main
FN:15,(anonymous_10)
FNF:2
FNH:1
FNDA:1,Main
FNDA:0,(anonymous_10)
DA:1,1
DA:2,1
DA:3,1
DA:4,1
DA:6,1
DA:7,1
DA:8,1
DA:10,1
DA:12,1
DA:14,1
DA:15,1
DA:16,0
LF:12
LH:11
BRDA:14,0,0,1
BRDA:14,0,1,1
BRF:2
BRH:2
end_of_record
TN:
SF:/Users/tcnb1/Desktop/gateway-gauntlet/service/src/server.ts
FN:7,(anonymous_7)
FN:7,(anonymous_8)
FNF:2
FNH:0
FNDA:0,(anonymous_7)
FNDA:0,(anonymous_8)
DA:1,0
DA:2,0
DA:3,0
DA:5,0
DA:7,0
DA:8,0
DA:9,0
DA:11,0
DA:14,0
LF:9
LH:0
BRF:0
BRH:0
end_of_record
TN:
SF:/Users/tcnb1/Desktop/gateway-gauntlet/service/src/handlers/errorHandlers.ts
FN:3,(anonymous_0)
FN:5,(anonymous_1)
FNF:2
FNH:0
FNDA:0,(anonymous_0)
FNDA:0,(anonymous_1)
DA:3,0
DA:5,0
DA:6,0
LF:3
LH:0
BRF:0
BRH:0
end_of_record
TN:
SF:/Users/tcnb1/Desktop/gateway-gauntlet/service/src/users/users.entity.ts
FNF:0
FNH:0
DA:1,3
DA:4,3
DA:6,3
DA:9,3
DA:12,3
DA:15,3
LF:6
LH:6
BRF:0
BRH:0
end_of_record
TN:
SF:/Users/tcnb1/Desktop/gateway-gauntlet/service/src/users/users.handlers.ts
FN:6,(anonymous_7)
FN:9,(anonymous_8)
FN:17,(anonymous_9)
FN:20,(anonymous_10)
FNF:4
FNH:4
FNDA:2,(anonymous_7)
FNDA:2,(anonymous_8)
FNDA:2,(anonymous_9)
FNDA:2,(anonymous_10)
DA:2,1
DA:4,1
DA:6,1
DA:9,2
DA:10,2
DA:11,2
DA:12,2
DA:14,2
DA:17,1
DA:20,2
DA:21,2
DA:23,2
DA:25,2
DA:28,1
LF:14
LH:14
BRF:0
BRH:0
end_of_record
TN:
SF:/Users/tcnb1/Desktop/gateway-gauntlet/service/src/users/users.repository.ts
FN:8,(anonymous_5)
FN:10,(anonymous_6)
FN:12,(anonymous_7)
FNF:3
FNH:3
FNDA:1,(anonymous_5)
FNDA:1,(anonymous_6)
FNDA:1,(anonymous_7)
DA:1,3
DA:2,3
DA:3,3
DA:4,3
DA:7,3
DA:8,1
DA:10,1
DA:12,1
DA:13,1
DA:16,3
LF:10
LH:10
BRF:0
BRH:0
end_of_record
TN:
SF:/Users/tcnb1/Desktop/gateway-gauntlet/service/src/users/users.routes.ts
FNF:0
FNH:0
DA:1,0
DA:2,0
DA:3,0
DA:5,0
DA:7,0
DA:9,0
DA:11,0
LF:7
LH:0
BRF:0
BRH:0
end_of_record
TN:
SF:/Users/tcnb1/Desktop/gateway-gauntlet/service/src/users/users.service.ts
FN:7,(anonymous_9)
FN:9,(anonymous_10)
FN:11,(anonymous_11)
FN:11,(anonymous_12)
FNF:4
FNH:4
FNDA:1,(anonymous_9)
FNDA:1,(anonymous_10)
FNDA:2,(anonymous_11)
FNDA:2,(anonymous_12)
DA:1,2
DA:3,2
DA:6,2
DA:7,1
DA:9,1
DA:11,2
DA:12,2
DA:14,2
DA:15,1
DA:18,1
DA:22,2
LF:11
LH:11
BRDA:14,0,0,1
BRDA:14,0,1,1
BRF:2
BRH:2
end_of_record
